<?xml version="1.0" encoding="UTF-8"?>
<!-- Generated by org.testng.reporters.JUnitXMLReporter -->
<testsuite hostname="NBSG03485F" ignored="2" name="Test" tests="1" failures="0" timestamp="2020-12-27T17:41:25 IST" time="40.865" errors="0">
  <testcase name="TC03" time="35.829" classname="Practice.AppiumFramework.Demo2"/>
  <testcase name="TC02" time="0.0" classname="Practice.AppiumFramework.Demo2">
    <ignored/>
  </testcase> <!-- TC02 -->
  <testcase name="TC01" time="0.0" classname="Practice.AppiumFramework.Demo2">
    <ignored/>
  </testcase> <!-- TC01 -->
</testsuite> <!-- Test -->
